<?xml version="1.0" encoding="UTF-8"?>
<!-- Generated by org.testng.reporters.JUnitReportReporter -->
<testsuite name="wipro.opencart.OrderHistory" tests="3" time="119.275" ignored="0" failures="0" timestamp="09 Feb 2018 06:30:00 GMT" skipped="0" hostname="D-441008571" errors="0">
  <testcase name="end" time="6.098" classname="wipro.opencart.OrderHistory"/>
  <testcase name="start" time="9.346" classname="wipro.opencart.OrderHistory"/>
  <testcase name="Orderhistory" time="103.831" classname="wipro.opencart.OrderHistory"/>
</testsuite> <!-- wipro.opencart.OrderHistory -->
