<?xml version="1.0" encoding="UTF-8"?>
<!-- Generated by org.testng.reporters.JUnitReportReporter -->
<testsuite name="wipro.opencart.Product_Comparison" tests="3" time="137.526" ignored="0" failures="0" timestamp="09 Feb 2018 06:32:51 GMT" skipped="0" hostname="D-441008571" errors="0">
  <testcase name="end" time="6.310" classname="wipro.opencart.Product_Comparison"/>
  <testcase name="prodcomp" time="116.052" classname="wipro.opencart.Product_Comparison"/>
  <testcase name="start" time="15.164" classname="wipro.opencart.Product_Comparison"/>
</testsuite> <!-- wipro.opencart.Product_Comparison -->
