<?xml version="1.0" encoding="UTF-8"?>
<!-- Generated by org.testng.reporters.JUnitReportReporter -->
<testsuite name="wipro.opencart.method" tests="1" time="0.000" ignored="0" failures="0" timestamp="05 Feb 2018 11:14:45 GMT" skipped="1" hostname="D-441008571" errors="0">
  <testcase name="Register" time="0.000" classname="wipro.opencart.method">
    <skipped/>
  </testcase> <!-- Register -->
</testsuite> <!-- wipro.opencart.method -->
