<?xml version="1.0" encoding="UTF-8"?>
<!-- Generated by org.testng.reporters.JUnitReportReporter -->
<testsuite name="wipro.opencart.NG" tests="1" time="0.013" ignored="0" failures="0" timestamp="30 Jan 2018 13:57:03 GMT" skipped="0" hostname="D-441008571" errors="0">
  <testcase name="println" time="0.013" classname="wipro.opencart.NG"/>
</testsuite> <!-- wipro.opencart.NG -->
